This is pdfTeX, Version 3.141592653-2.6-1.40.24 (TeX Live 2022) (preloaded format=pdflatex 2022.5.2)  4 MAY 2022 14:06
entering extended mode
 restricted \write18 enabled.
 %&-line parsing enabled.
**manuscript_volker.tex
(./manuscript_volker.tex
LaTeX2e <2021-11-15> patch level 1
L3 programming layer <2022-04-29> (./elsarticle.cls
Document Class: elsarticle 2020/11/20, 3.3: Elsevier Ltd
(/Users/thomvolker/Library/TinyTeX/texmf-dist/tex/latex/l3kernel/expl3.sty
Package: expl3 2022-04-29 L3 programming layer (loader) 
(/Users/thomvolker/Library/TinyTeX/texmf-dist/tex/latex/l3backend/l3backend-pdftex.def
File: l3backend-pdftex.def 2022-04-20 L3 backend support: PDF output (pdfTeX)
\l__color_backend_stack_int=\count185
\l__pdf_internal_box=\box50
)) (/Users/thomvolker/Library/TinyTeX/texmf-dist/tex/latex/l3packages/xparse/xparse.sty
Package: xparse 2022-01-12 L3 Experimental document command parser
) (/Users/thomvolker/Library/TinyTeX/texmf-dist/tex/latex/etoolbox/etoolbox.sty
Package: etoolbox 2020/10/05 v2.5k e-TeX tools for LaTeX (JAW)
\etb@tempcnta=\count186
)
\@bls=\dimen138
(/Users/thomvolker/Library/TinyTeX/texmf-dist/tex/latex/base/article.cls
Document Class: article 2021/10/04 v1.4n Standard LaTeX document class
(/Users/thomvolker/Library/TinyTeX/texmf-dist/tex/latex/base/size10.clo
File: size10.clo 2021/10/04 v1.4n Standard LaTeX file (size option)
)
\c@part=\count187
\c@section=\count188
\c@subsection=\count189
\c@subsubsection=\count190
\c@paragraph=\count191
\c@subparagraph=\count192
\c@figure=\count193
\c@table=\count194
\abovecaptionskip=\skip47
\belowcaptionskip=\skip48
\bibindent=\dimen139
) (/Users/thomvolker/Library/TinyTeX/texmf-dist/tex/latex/graphics/graphicx.sty
Package: graphicx 2021/09/16 v1.2d Enhanced LaTeX Graphics (DPC,SPQR)
(/Users/thomvolker/Library/TinyTeX/texmf-dist/tex/latex/graphics/keyval.sty
Package: keyval 2014/10/28 v1.15 key=value parser (DPC)
\KV@toks@=\toks16
) (/Users/thomvolker/Library/TinyTeX/texmf-dist/tex/latex/graphics/graphics.sty
Package: graphics 2021/03/04 v1.4d Standard LaTeX Graphics (DPC,SPQR)
(/Users/thomvolker/Library/TinyTeX/texmf-dist/tex/latex/graphics/trig.sty
Package: trig 2021/08/11 v1.11 sin cos tan (DPC)
) (/Users/thomvolker/Library/TinyTeX/texmf-dist/tex/latex/graphics-cfg/graphics.cfg
File: graphics.cfg 2016/06/04 v1.11 sample graphics configuration
)
Package graphics Info: Driver file: pdftex.def on input line 107.
(/Users/thomvolker/Library/TinyTeX/texmf-dist/tex/latex/graphics-def/pdftex.def
File: pdftex.def 2020/10/05 v1.2a Graphics/color driver for pdftex
))
\Gin@req@height=\dimen140
\Gin@req@width=\dimen141
)
\c@tnote=\count195
\c@fnote=\count196
\c@cnote=\count197
\c@ead=\count198
\c@author=\count199
\@eadauthor=\toks17
\c@affn=\count266
\absbox=\box51
\elsarticlehighlightsbox=\box52
\elsarticlegrabsbox=\box53
\keybox=\box54
\Columnwidth=\dimen142
\space@left=\dimen143
\els@boxa=\box55
\els@boxb=\box56
\leftMargin=\dimen144
\@enLab=\toks18
\@sep=\skip49
\@@sep=\skip50
(./manuscript_volker.spl) (/Users/thomvolker/Library/TinyTeX/texmf-dist/tex/latex/natbib/natbib.sty
Package: natbib 2010/09/13 8.31b (PWD, AO)
\bibhang=\skip51
\bibsep=\skip52
LaTeX Info: Redefining \cite on input line 694.
\c@NAT@ctr=\count267
)
\splwrite=\write3
\openout3 = `manuscript_volker.spl'.

(/Users/thomvolker/Library/TinyTeX/texmf-dist/tex/latex/geometry/geometry.sty
Package: geometry 2020/01/02 v5.9 Page Geometry
(/Users/thomvolker/Library/TinyTeX/texmf-dist/tex/generic/iftex/ifvtex.sty
Package: ifvtex 2019/10/25 v1.7 ifvtex legacy package. Use iftex instead.
(/Users/thomvolker/Library/TinyTeX/texmf-dist/tex/generic/iftex/iftex.sty
Package: iftex 2022/02/03 v1.0f TeX engine tests
))
\Gm@cnth=\count268
\Gm@cntv=\count269
\c@Gm@tempcnt=\count270
\Gm@bindingoffset=\dimen145
\Gm@wd@mp=\dimen146
\Gm@odd@mp=\dimen147
\Gm@even@mp=\dimen148
\Gm@layoutwidth=\dimen149
\Gm@layoutheight=\dimen150
\Gm@layouthoffset=\dimen151
\Gm@layoutvoffset=\dimen152
\Gm@dimlist=\toks19
)
\appnamewidth=\dimen153
) (/Users/thomvolker/Library/TinyTeX/texmf-dist/tex/latex/url/url.sty
\Urlmuskip=\muskip16
Package: url 2013/09/16  ver 3.4  Verb mode for urls, etc.
) (/Users/thomvolker/Library/TinyTeX/texmf-dist/tex/latex/lineno/lineno.sty
Package: lineno 2005/11/02 line numbers on paragraphs v4.41
\linenopenalty=\count271
\output=\toks20
\linenoprevgraf=\count272
\linenumbersep=\dimen154
\linenumberwidth=\dimen155
\c@linenumber=\count273
\c@pagewiselinenumber=\count274
\c@LN@truepage=\count275
\c@internallinenumber=\count276
\c@internallinenumbers=\count277
\quotelinenumbersep=\dimen156
\bframerule=\dimen157
\bframesep=\dimen158
\bframebox=\box57
LaTeX Info: Redefining \\ on input line 3056.
) (/Users/thomvolker/Library/TinyTeX/texmf-dist/tex/latex/base/fontenc.sty
Package: fontenc 2021/04/29 v2.0v Standard LaTeX package
) (/Users/thomvolker/Library/TinyTeX/texmf-dist/tex/latex/lm/lmodern.sty
Package: lmodern 2015/05/01 v1.6.1 Latin Modern Fonts
LaTeX Font Info:    Overwriting symbol font `operators' in version `normal'
(Font)                  OT1/cmr/m/n --> OT1/lmr/m/n on input line 22.
LaTeX Font Info:    Overwriting symbol font `letters' in version `normal'
(Font)                  OML/cmm/m/it --> OML/lmm/m/it on input line 23.
LaTeX Font Info:    Overwriting symbol font `symbols' in version `normal'
(Font)                  OMS/cmsy/m/n --> OMS/lmsy/m/n on input line 24.
LaTeX Font Info:    Overwriting symbol font `largesymbols' in version `normal'
(Font)                  OMX/cmex/m/n --> OMX/lmex/m/n on input line 25.
LaTeX Font Info:    Overwriting symbol font `operators' in version `bold'
(Font)                  OT1/cmr/bx/n --> OT1/lmr/bx/n on input line 26.
LaTeX Font Info:    Overwriting symbol font `letters' in version `bold'
(Font)                  OML/cmm/b/it --> OML/lmm/b/it on input line 27.
LaTeX Font Info:    Overwriting symbol font `symbols' in version `bold'
(Font)                  OMS/cmsy/b/n --> OMS/lmsy/b/n on input line 28.
LaTeX Font Info:    Overwriting symbol font `largesymbols' in version `bold'
(Font)                  OMX/cmex/m/n --> OMX/lmex/m/n on input line 29.
LaTeX Font Info:    Overwriting math alphabet `\mathbf' in version `normal'
(Font)                  OT1/cmr/bx/n --> OT1/lmr/bx/n on input line 31.
LaTeX Font Info:    Overwriting math alphabet `\mathsf' in version `normal'
(Font)                  OT1/cmss/m/n --> OT1/lmss/m/n on input line 32.
LaTeX Font Info:    Overwriting math alphabet `\mathit' in version `normal'
(Font)                  OT1/cmr/m/it --> OT1/lmr/m/it on input line 33.
LaTeX Font Info:    Overwriting math alphabet `\mathtt' in version `normal'
(Font)                  OT1/cmtt/m/n --> OT1/lmtt/m/n on input line 34.
LaTeX Font Info:    Overwriting math alphabet `\mathbf' in version `bold'
(Font)                  OT1/cmr/bx/n --> OT1/lmr/bx/n on input line 35.
LaTeX Font Info:    Overwriting math alphabet `\mathsf' in version `bold'
(Font)                  OT1/cmss/bx/n --> OT1/lmss/bx/n on input line 36.
LaTeX Font Info:    Overwriting math alphabet `\mathit' in version `bold'
(Font)                  OT1/cmr/bx/it --> OT1/lmr/bx/it on input line 37.
LaTeX Font Info:    Overwriting math alphabet `\mathtt' in version `bold'
(Font)                  OT1/cmtt/m/n --> OT1/lmtt/m/n on input line 38.
) (/Users/thomvolker/Library/TinyTeX/texmf-dist/tex/latex/amsfonts/amssymb.sty
Package: amssymb 2013/01/14 v3.01 AMS font symbols
(/Users/thomvolker/Library/TinyTeX/texmf-dist/tex/latex/amsfonts/amsfonts.sty
Package: amsfonts 2013/01/14 v3.01 Basic AMSFonts support
\@emptytoks=\toks21
\symAMSa=\mathgroup4
\symAMSb=\mathgroup5
LaTeX Font Info:    Redeclaring math symbol \hbar on input line 98.
LaTeX Font Info:    Overwriting math alphabet `\mathfrak' in version `bold'
(Font)                  U/euf/m/n --> U/euf/b/n on input line 106.
)) (/Users/thomvolker/Library/TinyTeX/texmf-dist/tex/latex/amsmath/amsmath.sty
Package: amsmath 2021/10/15 v2.17l AMS math features
\@mathmargin=\skip53
For additional information on amsmath, use the `?' option.
(/Users/thomvolker/Library/TinyTeX/texmf-dist/tex/latex/amsmath/amstext.sty
Package: amstext 2021/08/26 v2.01 AMS text
(/Users/thomvolker/Library/TinyTeX/texmf-dist/tex/latex/amsmath/amsgen.sty
File: amsgen.sty 1999/11/30 v2.0 generic functions
\@emptytoks=\toks22
\ex@=\dimen159
)) (/Users/thomvolker/Library/TinyTeX/texmf-dist/tex/latex/amsmath/amsbsy.sty
Package: amsbsy 1999/11/29 v1.2d Bold Symbols
\pmbraise@=\dimen160
) (/Users/thomvolker/Library/TinyTeX/texmf-dist/tex/latex/amsmath/amsopn.sty
Package: amsopn 2021/08/26 v2.02 operator names
)
\inf@bad=\count278
LaTeX Info: Redefining \frac on input line 234.
\uproot@=\count279
\leftroot@=\count280
LaTeX Info: Redefining \overline on input line 399.
\classnum@=\count281
\DOTSCASE@=\count282
LaTeX Info: Redefining \ldots on input line 496.
LaTeX Info: Redefining \dots on input line 499.
LaTeX Info: Redefining \cdots on input line 620.
\Mathstrutbox@=\box58
\strutbox@=\box59
\big@size=\dimen161
LaTeX Font Info:    Redeclaring font encoding OML on input line 743.
LaTeX Font Info:    Redeclaring font encoding OMS on input line 744.
\macc@depth=\count283
\c@MaxMatrixCols=\count284
\dotsspace@=\muskip17
\c@parentequation=\count285
\dspbrk@lvl=\count286
\tag@help=\toks23
\row@=\count287
\column@=\count288
\maxfields@=\count289
\andhelp@=\toks24
\eqnshift@=\dimen162
\alignsep@=\dimen163
\tagshift@=\dimen164
\tagwidth@=\dimen165
\totwidth@=\dimen166
\lineht@=\dimen167
\@envbody=\toks25
\multlinegap=\skip54
\multlinetaggap=\skip55
\mathdisplay@stack=\toks26
LaTeX Info: Redefining \[ on input line 2938.
LaTeX Info: Redefining \] on input line 2939.
) (/Users/thomvolker/Library/TinyTeX/texmf-dist/tex/generic/iftex/ifxetex.sty
Package: ifxetex 2019/10/25 v0.7 ifxetex legacy package. Use iftex instead.
) (/Users/thomvolker/Library/TinyTeX/texmf-dist/tex/generic/iftex/ifluatex.sty
Package: ifluatex 2019/10/25 v1.5 ifluatex legacy package. Use iftex instead.
) (/Users/thomvolker/Library/TinyTeX/texmf-dist/tex/latex/base/fixltx2e.sty
Package: fixltx2e 2016/12/29 v2.1a fixes to LaTeX (obsolete)
Applying: [2015/01/01] Old fixltx2e package on input line 46.

Package fixltx2e Warning: fixltx2e is not required with releases after 2015
(fixltx2e)                All fixes are now in the LaTeX kernel.
(fixltx2e)                See the latexrelease package for details.

Already applied: [0000/00/00] Old fixltx2e package on input line 53.
) (/Users/thomvolker/Library/TinyTeX/texmf-dist/tex/latex/base/inputenc.sty
Package: inputenc 2021/02/14 v1.3d Input encoding file
\inpenc@prehook=\toks27
\inpenc@posthook=\toks28
) (/Users/thomvolker/Library/TinyTeX/texmf-dist/tex/latex/microtype/microtype.sty
Package: microtype 2022/03/14 v3.0d Micro-typographical refinements (RS)
\MT@toks=\toks29
\MT@tempbox=\box60
\MT@count=\count290
LaTeX Info: Redefining \noprotrusionifhmode on input line 1027.
LaTeX Info: Redefining \leftprotrusion on input line 1028.
LaTeX Info: Redefining \rightprotrusion on input line 1036.
LaTeX Info: Redefining \textls on input line 1195.
\MT@outer@kern=\dimen168
LaTeX Info: Redefining \textmicrotypecontext on input line 1781.
\MT@listname@count=\count291
(/Users/thomvolker/Library/TinyTeX/texmf-dist/tex/latex/microtype/microtype-pdftex.def
File: microtype-pdftex.def 2022/03/14 v3.0d Definitions specific to pdftex (RS)
LaTeX Info: Redefining \lsstyle on input line 900.
LaTeX Info: Redefining \lslig on input line 900.
\MT@outer@space=\skip56
)
Package microtype Info: Loading configuration file microtype.cfg.
(/Users/thomvolker/Library/TinyTeX/texmf-dist/tex/latex/microtype/microtype.cfg
File: microtype.cfg 2022/03/14 v3.0d microtype main configuration file (RS)
)) (/Users/thomvolker/Library/TinyTeX/texmf-dist/tex/latex/hyperref/hyperref.sty
Package: hyperref 2022-02-21 v7.00n Hypertext links for LaTeX
(/Users/thomvolker/Library/TinyTeX/texmf-dist/tex/generic/ltxcmds/ltxcmds.sty
Package: ltxcmds 2020-05-10 v1.25 LaTeX kernel commands for general use (HO)
) (/Users/thomvolker/Library/TinyTeX/texmf-dist/tex/generic/pdftexcmds/pdftexcmds.sty
Package: pdftexcmds 2020-06-27 v0.33 Utility functions of pdfTeX for LuaTeX (HO)
(/Users/thomvolker/Library/TinyTeX/texmf-dist/tex/generic/infwarerr/infwarerr.sty
Package: infwarerr 2019/12/03 v1.5 Providing info/warning/error messages (HO)
)
Package pdftexcmds Info: \pdf@primitive is available.
Package pdftexcmds Info: \pdf@ifprimitive is available.
Package pdftexcmds Info: \pdfdraftmode found.
) (/Users/thomvolker/Library/TinyTeX/texmf-dist/tex/generic/kvsetkeys/kvsetkeys.sty
Package: kvsetkeys 2019/12/15 v1.18 Key value parser (HO)
) (/Users/thomvolker/Library/TinyTeX/texmf-dist/tex/generic/kvdefinekeys/kvdefinekeys.sty
Package: kvdefinekeys 2019-12-19 v1.6 Define keys (HO)
) (/Users/thomvolker/Library/TinyTeX/texmf-dist/tex/generic/pdfescape/pdfescape.sty
Package: pdfescape 2019/12/09 v1.15 Implements pdfTeX's escape features (HO)
) (/Users/thomvolker/Library/TinyTeX/texmf-dist/tex/latex/hycolor/hycolor.sty
Package: hycolor 2020-01-27 v1.10 Color options for hyperref/bookmark (HO)
) (/Users/thomvolker/Library/TinyTeX/texmf-dist/tex/latex/letltxmacro/letltxmacro.sty
Package: letltxmacro 2019/12/03 v1.6 Let assignment for LaTeX macros (HO)
) (/Users/thomvolker/Library/TinyTeX/texmf-dist/tex/latex/auxhook/auxhook.sty
Package: auxhook 2019-12-17 v1.6 Hooks for auxiliary files (HO)
) (/Users/thomvolker/Library/TinyTeX/texmf-dist/tex/latex/kvoptions/kvoptions.sty
Package: kvoptions 2020-10-07 v3.14 Key value format for package options (HO)
)
\@linkdim=\dimen169
\Hy@linkcounter=\count292
\Hy@pagecounter=\count293
(/Users/thomvolker/Library/TinyTeX/texmf-dist/tex/latex/hyperref/pd1enc.def
File: pd1enc.def 2022-02-21 v7.00n Hyperref: PDFDocEncoding definition (HO)
Now handling font encoding PD1 ...
... no UTF-8 mapping file for font encoding PD1
) (/Users/thomvolker/Library/TinyTeX/texmf-dist/tex/generic/intcalc/intcalc.sty
Package: intcalc 2019/12/15 v1.3 Expandable calculations with integers (HO)
) (/Users/thomvolker/Library/TinyTeX/texmf-dist/tex/generic/etexcmds/etexcmds.sty
Package: etexcmds 2019/12/15 v1.7 Avoid name clashes with e-TeX commands (HO)
)
\Hy@SavedSpaceFactor=\count294
(/Users/thomvolker/Library/TinyTeX/texmf-dist/tex/latex/hyperref/puenc.def
File: puenc.def 2022-02-21 v7.00n Hyperref: PDF Unicode definition (HO)
Now handling font encoding PU ...
... no UTF-8 mapping file for font encoding PU
)
Package hyperref Info: Option `unicode' set `true' on input line 4018.
Package hyperref Info: Hyper figures OFF on input line 4137.
Package hyperref Info: Link nesting OFF on input line 4142.
Package hyperref Info: Hyper index ON on input line 4145.
Package hyperref Info: Plain pages OFF on input line 4152.
Package hyperref Info: Backreferencing OFF on input line 4157.
Package hyperref Info: Implicit mode ON; LaTeX internals redefined.
Package hyperref Info: Bookmarks ON on input line 4390.
\c@Hy@tempcnt=\count295
LaTeX Info: Redefining \url on input line 4749.
\XeTeXLinkMargin=\dimen170
(/Users/thomvolker/Library/TinyTeX/texmf-dist/tex/generic/bitset/bitset.sty
Package: bitset 2019/12/09 v1.3 Handle bit-vector datatype (HO)
(/Users/thomvolker/Library/TinyTeX/texmf-dist/tex/generic/bigintcalc/bigintcalc.sty
Package: bigintcalc 2019/12/15 v1.5 Expandable calculations on big integers (HO)
))
\Fld@menulength=\count296
\Field@Width=\dimen171
\Fld@charsize=\dimen172
Package hyperref Info: Hyper figures OFF on input line 6027.
Package hyperref Info: Link nesting OFF on input line 6032.
Package hyperref Info: Hyper index ON on input line 6035.
Package hyperref Info: backreferencing OFF on input line 6042.
Package hyperref Info: Link coloring OFF on input line 6047.
Package hyperref Info: Link coloring with OCG OFF on input line 6052.
Package hyperref Info: PDF/A mode OFF on input line 6057.
LaTeX Info: Redefining \ref on input line 6097.
LaTeX Info: Redefining \pageref on input line 6101.
(/Users/thomvolker/Library/TinyTeX/texmf-dist/tex/latex/base/atbegshi-ltx.sty
Package: atbegshi-ltx 2021/01/10 v1.0c Emulation of the original atbegshi
package with kernel methods
)
\Hy@abspage=\count297
\c@Item=\count298
\c@Hfootnote=\count299
)
Package hyperref Info: Driver (autodetected): hpdftex.
(/Users/thomvolker/Library/TinyTeX/texmf-dist/tex/latex/hyperref/hpdftex.def
File: hpdftex.def 2022-02-21 v7.00n Hyperref driver for pdfTeX
(/Users/thomvolker/Library/TinyTeX/texmf-dist/tex/latex/base/atveryend-ltx.sty
Package: atveryend-ltx 2020/08/19 v1.0a Emulation of the original atveryend package
with kernel methods
)
\Fld@listcount=\count300
\c@bookmark@seq@number=\count301
(/Users/thomvolker/Library/TinyTeX/texmf-dist/tex/latex/rerunfilecheck/rerunfilecheck.sty
Package: rerunfilecheck 2019/12/05 v1.9 Rerun checks for auxiliary files (HO)
(/Users/thomvolker/Library/TinyTeX/texmf-dist/tex/generic/uniquecounter/uniquecounter.sty
Package: uniquecounter 2019/12/15 v1.4 Provide unlimited unique counter (HO)
)
Package uniquecounter Info: New unique counter `rerunfilecheck' on input line 286.
)
\Hy@SectionHShift=\skip57
)
Package hyperref Info: Option `breaklinks' set `true' on input line 49.

Package hyperref Warning: Option `bookmarks' has already been used,
(hyperref)                setting the option has no effect on input line 49.

Package hyperref Info: Option `colorlinks' set `false' on input line 49.
(/Users/thomvolker/Library/TinyTeX/texmf-dist/tex/latex/tools/longtable.sty
Package: longtable 2021-09-01 v4.17 Multi-page Table package (DPC)
\LTleft=\skip58
\LTright=\skip59
\LTpre=\skip60
\LTpost=\skip61
\LTchunksize=\count302
\LTcapwidth=\dimen173
\LT@head=\box61
\LT@firsthead=\box62
\LT@foot=\box63
\LT@lastfoot=\box64
\LT@gbox=\box65
\LT@cols=\count303
\LT@rows=\count304
\c@LT@tables=\count305
\c@LT@chunks=\count306
\LT@p@ftn=\toks30
) (/Users/thomvolker/Library/TinyTeX/texmf-dist/tex/latex/booktabs/booktabs.sty
Package: booktabs 2020/01/12 v1.61803398 Publication quality tables
\heavyrulewidth=\dimen174
\lightrulewidth=\dimen175
\cmidrulewidth=\dimen176
\belowrulesep=\dimen177
\belowbottomsep=\dimen178
\aboverulesep=\dimen179
\abovetopsep=\dimen180
\cmidrulesep=\dimen181
\cmidrulekern=\dimen182
\defaultaddspace=\dimen183
\@cmidla=\count307
\@cmidlb=\count308
\@aboverulesep=\dimen184
\@belowrulesep=\dimen185
\@thisruleclass=\count309
\@lastruleclass=\count310
\@thisrulewidth=\dimen186
) (/Users/thomvolker/Library/TinyTeX/texmf-dist/tex/latex/tools/array.sty
Package: array 2021/10/04 v2.5f Tabular extension package (FMi)
\col@sep=\dimen187
\ar@mcellbox=\box66
\extrarowheight=\dimen188
\NC@list=\toks31
\extratabsurround=\skip62
\backup@length=\skip63
\ar@cellbox=\box67
) (/Users/thomvolker/Library/TinyTeX/texmf-dist/tex/latex/tools/calc.sty
Package: calc 2017/05/25 v4.3 Infix arithmetic (KKT,FJ)
\calc@Acount=\count311
\calc@Bcount=\count312
\calc@Adimen=\dimen189
\calc@Bdimen=\dimen190
\calc@Askip=\skip64
\calc@Bskip=\skip65
LaTeX Info: Redefining \setlength on input line 80.
LaTeX Info: Redefining \addtolength on input line 81.
\calc@Ccount=\count313
\calc@Cskip=\skip66
) (/Users/thomvolker/Library/TinyTeX/texmf-dist/tex/latex/mdwtools/footnote.sty
Package: footnote 1997/01/28 1.13 Save footnotes around boxes
\fn@notes=\box68
\fn@width=\dimen191
) (/Users/thomvolker/Library/TinyTeX/texmf-dist/tex/latex/placeins/placeins.sty
Package: placeins 2005/04/18  v 2.2
) (/Users/thomvolker/Library/TinyTeX/texmf-dist/tex/latex/float/float.sty
Package: float 2001/11/08 v1.3d Float enhancements (AL)
\c@float@type=\count314
\float@exts=\toks32
\float@box=\box69
\@float@everytoks=\toks33
\@floatcapt=\box70
) (/Users/thomvolker/Library/TinyTeX/texmf-dist/tex/latex/caption/caption.sty
Package: caption 2022/03/01 v3.6b Customizing captions (AR)
(/Users/thomvolker/Library/TinyTeX/texmf-dist/tex/latex/caption/caption3.sty
Package: caption3 2022/03/17 v2.3b caption3 kernel (AR)
\caption@tempdima=\dimen192
\captionmargin=\dimen193
\caption@leftmargin=\dimen194
\caption@rightmargin=\dimen195
\caption@width=\dimen196
\caption@indent=\dimen197
\caption@parindent=\dimen198
\caption@hangindent=\dimen199
Package caption Info: elsarticle document class detected.
(/Users/thomvolker/Library/TinyTeX/texmf-dist/tex/latex/caption/caption-elsarticle.sto
File: caption-elsarticle.sto 2020/08/22 v2.0 Adaption of the caption package to the elsarticle document class (AR)
))
\c@caption@flags=\count315
\c@continuedfloat=\count316
Package caption Info: float package is loaded.
Package caption Info: hyperref package is loaded.
Package caption Info: longtable package is loaded.
(/Users/thomvolker/Library/TinyTeX/texmf-dist/tex/latex/caption/ltcaption.sty
Package: ltcaption 2021/01/08 v1.4c longtable captions (AR)
))
LaTeX Font Info:    Trying to load font information for T1+lmr on input line 81.
(/Users/thomvolker/Library/TinyTeX/texmf-dist/tex/latex/lm/t1lmr.fd
File: t1lmr.fd 2015/05/01 v1.6.1 Font defs for Latin Modern
) (./manuscript_volker.aux)
\openout1 = `manuscript_volker.aux'.

LaTeX Font Info:    Checking defaults for OML/cmm/m/it on input line 81.
LaTeX Font Info:    ... okay on input line 81.
LaTeX Font Info:    Checking defaults for OMS/cmsy/m/n on input line 81.
LaTeX Font Info:    ... okay on input line 81.
LaTeX Font Info:    Checking defaults for OT1/cmr/m/n on input line 81.
LaTeX Font Info:    ... okay on input line 81.
LaTeX Font Info:    Checking defaults for T1/cmr/m/n on input line 81.
LaTeX Font Info:    ... okay on input line 81.
LaTeX Font Info:    Checking defaults for TS1/cmr/m/n on input line 81.
LaTeX Font Info:    ... okay on input line 81.
LaTeX Font Info:    Checking defaults for OMX/cmex/m/n on input line 81.
LaTeX Font Info:    ... okay on input line 81.
LaTeX Font Info:    Checking defaults for U/cmr/m/n on input line 81.
LaTeX Font Info:    ... okay on input line 81.
LaTeX Font Info:    Checking defaults for PD1/pdf/m/n on input line 81.
LaTeX Font Info:    ... okay on input line 81.
LaTeX Font Info:    Checking defaults for PU/pdf/m/n on input line 81.
LaTeX Font Info:    ... okay on input line 81.
(/Users/thomvolker/Library/TinyTeX/texmf-dist/tex/latex/epstopdf-pkg/epstopdf-base.sty
Package: epstopdf-base 2020-01-24 v2.11 Base part for package epstopdf
Package epstopdf-base Info: Redefining graphics rule for `.eps' on input line 485.
(/Users/thomvolker/Library/TinyTeX/texmf-dist/tex/latex/latexconfig/epstopdf-sys.cfg
File: epstopdf-sys.cfg 2010/07/13 v1.3 Configuration of (r)epstopdf for TeX Live
))
*geometry* driver: auto-detecting
*geometry* detected driver: pdftex
*geometry* verbose mode - [ preamble ] result:
* driver: pdftex
* paper: custom
* layout: <same size as paper>
* layoutoffset:(h,v)=(0.0pt,0.0pt)
* hratio: 1:1
* vratio: 1:1
* modes: 
* h-part:(L,W,R)=(64.75394pt, 468.0pt, 64.75394pt)
* v-part:(T,H,B)=(111.52342pt, 622.0pt, 111.52342pt)
* \paperwidth=597.50787pt
* \paperheight=845.04684pt
* \textwidth=468.0pt
* \textheight=622.0pt
* \oddsidemargin=-7.51605pt
* \evensidemargin=-7.51605pt
* \topmargin=-22.74657pt
* \headheight=50.0pt
* \headsep=12.0pt
* \topskip=10.0pt
* \footskip=18.0pt
* \marginparwidth=65.0pt
* \marginparsep=11.0pt
* \columnsep=24.0pt
* \skip\footins=24.0pt plus 2.0pt minus 12.0pt
* \hoffset=0.0pt
* \voffset=0.0pt
* \mag=1000
* \@twocolumnfalse
* \@twosidefalse
* \@mparswitchfalse
* \@reversemarginfalse
* (1in=72.27pt=25.4mm, 1cm=28.453pt)

LaTeX Info: Redefining \microtypecontext on input line 81.
Package microtype Info: Applying patch `item' on input line 81.
Package microtype Info: Applying patch `toc' on input line 81.
Package microtype Info: Applying patch `eqnum' on input line 81.
Package microtype Info: Applying patch `footnote' on input line 81.
Package microtype Info: Generating PDF output.
Package microtype Info: Character protrusion enabled (level 2).
Package microtype Info: Using default protrusion set `alltext'.
Package microtype Info: Automatic font expansion enabled (level 2),
(microtype)             stretch: 20, shrink: 20, step: 1, non-selected.
Package microtype Info: Using default expansion set `alltext-nott'.
LaTeX Info: Redefining \showhyphens on input line 81.
Package microtype Info: No adjustment of tracking.
Package microtype Info: No adjustment of interword spacing.
Package microtype Info: No adjustment of character kerning.
(/Users/thomvolker/Library/TinyTeX/texmf-dist/tex/latex/microtype/mt-cmr.cfg
File: mt-cmr.cfg 2013/05/19 v2.2 microtype config. file: Computer Modern Roman (RS)
)
Package hyperref Info: Link coloring OFF on input line 81.
(/Users/thomvolker/Library/TinyTeX/texmf-dist/tex/latex/hyperref/nameref.sty
Package: nameref 2021-04-02 v2.47 Cross-referencing by name of section
(/Users/thomvolker/Library/TinyTeX/texmf-dist/tex/latex/refcount/refcount.sty
Package: refcount 2019/12/15 v3.6 Data extraction from label references (HO)
) (/Users/thomvolker/Library/TinyTeX/texmf-dist/tex/generic/gettitlestring/gettitlestring.sty
Package: gettitlestring 2019/12/15 v1.6 Cleanup title references (HO)
)
\c@section@level=\count317
)
LaTeX Info: Redefining \ref on input line 81.
LaTeX Info: Redefining \pageref on input line 81.
LaTeX Info: Redefining \nameref on input line 81.
(./manuscript_volker.out) (./manuscript_volker.out)
\@outlinefile=\write4
\openout4 = `manuscript_volker.out'.

Package caption Info: Begin \AtBeginDocument code.
Package caption Info: End \AtBeginDocument code.

Underfull \hbox (badness 10000) in paragraph at lines 87--120

 []


Underfull \hbox (badness 10000) in paragraph at lines 87--120

 []


Underfull \hbox (badness 10000) in paragraph at lines 87--120

 []


Underfull \hbox (badness 10000) in paragraph at lines 87--120

 []


Underfull \hbox (badness 10000) in paragraph at lines 87--120

 []


Underfull \hbox (badness 10000) in paragraph at lines 87--120

 []


Underfull \hbox (badness 10000) in paragraph at lines 87--120

 []


Underfull \hbox (badness 10000) in paragraph at lines 87--120

 []


Underfull \hbox (badness 10000) in paragraph at lines 87--120

 []


Underfull \hbox (badness 10000) in paragraph at lines 87--120

 []


Underfull \hbox (badness 10000) in paragraph at lines 87--120

 []


Underfull \hbox (badness 10000) in paragraph at lines 87--120

 []


Underfull \hbox (badness 10000) in paragraph at lines 87--120

 []


Underfull \hbox (badness 10000) in paragraph at lines 87--120

 []

[0

{/Users/thomvolker/Library/TinyTeX/texmf-var/fonts/map/pdftex/updmap/pdftex.map}]
LaTeX Font Info:    Trying to load font information for OT1+lmr on input line 143.
(/Users/thomvolker/Library/TinyTeX/texmf-dist/tex/latex/lm/ot1lmr.fd
File: ot1lmr.fd 2015/05/01 v1.6.1 Font defs for Latin Modern
)
LaTeX Font Info:    Trying to load font information for OML+lmm on input line 143.
(/Users/thomvolker/Library/TinyTeX/texmf-dist/tex/latex/lm/omllmm.fd
File: omllmm.fd 2015/05/01 v1.6.1 Font defs for Latin Modern
)
LaTeX Font Info:    Trying to load font information for OMS+lmsy on input line 143.
(/Users/thomvolker/Library/TinyTeX/texmf-dist/tex/latex/lm/omslmsy.fd
File: omslmsy.fd 2015/05/01 v1.6.1 Font defs for Latin Modern
)
LaTeX Font Info:    Trying to load font information for OMX+lmex on input line 143.
(/Users/thomvolker/Library/TinyTeX/texmf-dist/tex/latex/lm/omxlmex.fd
File: omxlmex.fd 2015/05/01 v1.6.1 Font defs for Latin Modern
)
LaTeX Font Info:    External font `lmex10' loaded for size
(Font)              <10> on input line 143.
LaTeX Font Info:    External font `lmex10' loaded for size
(Font)              <7> on input line 143.
LaTeX Font Info:    External font `lmex10' loaded for size
(Font)              <5> on input line 143.
LaTeX Font Info:    Trying to load font information for U+msa on input line 143.
(/Users/thomvolker/Library/TinyTeX/texmf-dist/tex/latex/amsfonts/umsa.fd
File: umsa.fd 2013/01/14 v3.01 AMS symbols A
) (/Users/thomvolker/Library/TinyTeX/texmf-dist/tex/latex/microtype/mt-msa.cfg
File: mt-msa.cfg 2006/02/04 v1.1 microtype config. file: AMS symbols (a) (RS)
)
LaTeX Font Info:    Trying to load font information for U+msb on input line 143.
(/Users/thomvolker/Library/TinyTeX/texmf-dist/tex/latex/amsfonts/umsb.fd
File: umsb.fd 2013/01/14 v3.01 AMS symbols B
) (/Users/thomvolker/Library/TinyTeX/texmf-dist/tex/latex/microtype/mt-msb.cfg
File: mt-msb.cfg 2005/06/01 v1.0 microtype config. file: AMS symbols (b) (RS)
)
LaTeX Font Info:    External font `lmex10' loaded for size
(Font)              <8> on input line 143.
LaTeX Font Info:    External font `lmex10' loaded for size
(Font)              <6> on input line 143.
LaTeX Font Info:    Trying to load font information for T1+lmtt on input line 143.
(/Users/thomvolker/Library/TinyTeX/texmf-dist/tex/latex/lm/t1lmtt.fd
File: t1lmtt.fd 2015/05/01 v1.6.1 Font defs for Latin Modern
)
Package microtype Info: Loading generic protrusion settings for font family
(microtype)             `lmtt' (encoding: T1).
(microtype)             For optimal results, create family-specific settings.
(microtype)             See the microtype manual for details.

Overfull \hbox (2.22221pt too wide) has occurred while \output is active
[] 
 []

[1

] [2] [3] [4] [5] [6] [7] [8] [9] [10]

Package natbib Warning: Citation `ms_thesis_github' on page 11 undefined on input line 507.

[11] [12]
<manuscript_volker_files/figure-latex/BF12-1.pdf, id=435, 452.69125pt x 257.96375pt>
File: manuscript_volker_files/figure-latex/BF12-1.pdf Graphic file (type pdf)
<use manuscript_volker_files/figure-latex/BF12-1.pdf>
Package pdftex.def Info: manuscript_volker_files/figure-latex/BF12-1.pdf  used on input line 598.
(pdftex.def)             Requested size: 468.0pt x 266.68573pt.
<manuscript_volker_files/figure-latex/PMP12-1.pdf, id=436, 449.68pt x 248.93pt>
File: manuscript_volker_files/figure-latex/PMP12-1.pdf Graphic file (type pdf)
<use manuscript_volker_files/figure-latex/PMP12-1.pdf>
Package pdftex.def Info: manuscript_volker_files/figure-latex/PMP12-1.pdf  used on input line 602.
(pdftex.def)             Requested size: 468.0pt x 259.0824pt.
[13] [14 <./manuscript_volker_files/figure-latex/BF12-1.pdf> <./manuscript_volker_files/figure-latex/PMP12-1.pdf>]
<manuscript_volker_files/figure-latex/BF34-1.pdf, id=478, 452.69125pt x 257.96375pt>
File: manuscript_volker_files/figure-latex/BF34-1.pdf Graphic file (type pdf)
<use manuscript_volker_files/figure-latex/BF34-1.pdf>
Package pdftex.def Info: manuscript_volker_files/figure-latex/BF34-1.pdf  used on input line 631.
(pdftex.def)             Requested size: 468.0pt x 266.68573pt.
<manuscript_volker_files/figure-latex/PMP34-1.pdf, id=479, 449.68pt x 248.93pt>
File: manuscript_volker_files/figure-latex/PMP34-1.pdf Graphic file (type pdf)
<use manuscript_volker_files/figure-latex/PMP34-1.pdf>
Package pdftex.def Info: manuscript_volker_files/figure-latex/PMP34-1.pdf  used on input line 635.
(pdftex.def)             Requested size: 468.0pt x 259.0824pt.
[15] [16 <./manuscript_volker_files/figure-latex/BF34-1.pdf> <./manuscript_volker_files/figure-latex/PMP34-1.pdf>] [17]
<manuscript_volker_files/figure-latex/BF56-1.pdf, id=527, 452.69125pt x 257.96375pt>
File: manuscript_volker_files/figure-latex/BF56-1.pdf Graphic file (type pdf)
<use manuscript_volker_files/figure-latex/BF56-1.pdf>
Package pdftex.def Info: manuscript_volker_files/figure-latex/BF56-1.pdf  used on input line 693.
(pdftex.def)             Requested size: 468.0pt x 266.68573pt.
<manuscript_volker_files/figure-latex/PMP56-1.pdf, id=528, 449.68pt x 248.93pt>
File: manuscript_volker_files/figure-latex/PMP56-1.pdf Graphic file (type pdf)
<use manuscript_volker_files/figure-latex/PMP56-1.pdf>
Package pdftex.def Info: manuscript_volker_files/figure-latex/PMP56-1.pdf  used on input line 697.
(pdftex.def)             Requested size: 468.0pt x 259.0824pt.
<manuscript_volker_files/figure-latex/BF78-1.pdf, id=529, 452.69125pt x 257.96375pt>
File: manuscript_volker_files/figure-latex/BF78-1.pdf Graphic file (type pdf)
<use manuscript_volker_files/figure-latex/BF78-1.pdf>
Package pdftex.def Info: manuscript_volker_files/figure-latex/BF78-1.pdf  used on input line 704.
(pdftex.def)             Requested size: 468.0pt x 266.68573pt.
<manuscript_volker_files/figure-latex/PMP78-1.pdf, id=530, 449.68pt x 248.93pt>
File: manuscript_volker_files/figure-latex/PMP78-1.pdf Graphic file (type pdf)
<use manuscript_volker_files/figure-latex/PMP78-1.pdf>
Package pdftex.def Info: manuscript_volker_files/figure-latex/PMP78-1.pdf  used on input line 708.
(pdftex.def)             Requested size: 468.0pt x 259.0824pt.
[18] [19 <./manuscript_volker_files/figure-latex/BF56-1.pdf> <./manuscript_volker_files/figure-latex/PMP56-1.pdf>] [20 <./manuscript_volker_files/figure-latex/BF78-1.pdf> <./manuscript_volker_files/figure-latex/PMP78-1.pdf>] [21] [22]
<manuscript_volker_files/figure-latex/simBF910-1.png, id=600, 4976.5925pt x 2882.77pt>
File: manuscript_volker_files/figure-latex/simBF910-1.png Graphic file (type png)
<use manuscript_volker_files/figure-latex/simBF910-1.png>
Package pdftex.def Info: manuscript_volker_files/figure-latex/simBF910-1.png  used on input line 792.
(pdftex.def)             Requested size: 468.0pt x 271.09479pt.
[23] [24 <./manuscript_volker_files/figure-latex/simBF910-1.png>]
<manuscript_volker_files/figure-latex/simBF11-1.png, id=621, 5099.05pt x 1559.8275pt>
File: manuscript_volker_files/figure-latex/simBF11-1.png Graphic file (type png)
<use manuscript_volker_files/figure-latex/simBF11-1.png>
Package pdftex.def Info: manuscript_volker_files/figure-latex/simBF11-1.png  used on input line 826.
(pdftex.def)             Requested size: 468.0pt x 143.16313pt.
[25 <./manuscript_volker_files/figure-latex/simBF11-1.png>] [26] [27] [28] (./manuscript_volker.bbl [29] [30] [31] [32])

Package natbib Warning: There were undefined citations.

[33] (./manuscript_volker.aux)
Package rerunfilecheck Info: File `manuscript_volker.out' has not changed.
(rerunfilecheck)             Checksum: 37240D1138E824A0B00EAC10E6221ABB;3943.
 ) 
Here is how much of TeX's memory you used:
 15782 strings out of 480265
 264697 string characters out of 5893382
 582046 words of memory out of 5000000
 32913 multiletter control sequences out of 15000+600000
 559452 words of font info for 254 fonts, out of 8000000 for 9000
 14 hyphenation exceptions out of 8191
 70i,14n,76p,1308b,611s stack positions out of 10000i,1000n,20000p,200000b,200000s
{/Users/thomvolker/Library/TinyTeX/texmf-dist/fonts/enc/dvips/lm/lm-mathit.enc}{/Users/thomvolker/Library/TinyTeX/texmf-dist/fonts/enc/dvips/lm/lm-mathsy.enc}{/Users/thomvolker/Library/TinyTeX/texmf-dist/fonts/enc/dvips/lm/lm-rm.enc}{/Users/thomvolker/Library/TinyTeX/texmf-dist/fonts/enc/dvips/lm/lm-ec.enc}{/Users/thomvolker/Library/TinyTeX/texmf-dist/fonts/enc/dvips/lm/lm-mathex.enc}</Users/thomvolker/Library/TinyTeX/texmf-dist/fonts/type1/public/lm/lmbx10.pfb></Users/thomvolker/Library/TinyTeX/texmf-dist/fonts/type1/public/lm/lmbx5.pfb></Users/thomvolker/Library/TinyTeX/texmf-dist/fonts/type1/public/lm/lmbxi10.pfb></Users/thomvolker/Library/TinyTeX/texmf-dist/fonts/type1/public/lm/lmex10.pfb></Users/thomvolker/Library/TinyTeX/texmf-dist/fonts/type1/public/lm/lmmi10.pfb></Users/thomvolker/Library/TinyTeX/texmf-dist/fonts/type1/public/lm/lmmi5.pfb></Users/thomvolker/Library/TinyTeX/texmf-dist/fonts/type1/public/lm/lmmi6.pfb></Users/thomvolker/Library/TinyTeX/texmf-dist/fonts/type1/public/lm/lmmi7.pfb></Users/thomvolker/Library/TinyTeX/texmf-dist/fonts/type1/public/lm/lmmi8.pfb></Users/thomvolker/Library/TinyTeX/texmf-dist/fonts/type1/public/lm/lmmib10.pfb></Users/thomvolker/Library/TinyTeX/texmf-dist/fonts/type1/public/lm/lmmib5.pfb></Users/thomvolker/Library/TinyTeX/texmf-dist/fonts/type1/public/lm/lmmib7.pfb></Users/thomvolker/Library/TinyTeX/texmf-dist/fonts/type1/public/lm/lmr10.pfb></Users/thomvolker/Library/TinyTeX/texmf-dist/fonts/type1/public/lm/lmr12.pfb></Users/thomvolker/Library/TinyTeX/texmf-dist/fonts/type1/public/lm/lmr5.pfb></Users/thomvolker/Library/TinyTeX/texmf-dist/fonts/type1/public/lm/lmr6.pfb></Users/thomvolker/Library/TinyTeX/texmf-dist/fonts/type1/public/lm/lmr7.pfb></Users/thomvolker/Library/TinyTeX/texmf-dist/fonts/type1/public/lm/lmr8.pfb></Users/thomvolker/Library/TinyTeX/texmf-dist/fonts/type1/public/lm/lmri10.pfb></Users/thomvolker/Library/TinyTeX/texmf-dist/fonts/type1/public/lm/lmri7.pfb></Users/thomvolker/Library/TinyTeX/texmf-dist/fonts/type1/public/lm/lmri8.pfb></Users/thomvolker/Library/TinyTeX/texmf-dist/fonts/type1/public/lm/lmsy10.pfb></Users/thomvolker/Library/TinyTeX/texmf-dist/fonts/type1/public/lm/lmsy5.pfb></Users/thomvolker/Library/TinyTeX/texmf-dist/fonts/type1/public/lm/lmsy6.pfb></Users/thomvolker/Library/TinyTeX/texmf-dist/fonts/type1/public/lm/lmsy7.pfb></Users/thomvolker/Library/TinyTeX/texmf-dist/fonts/type1/public/lm/lmsy8.pfb></Users/thomvolker/Library/TinyTeX/texmf-dist/fonts/type1/public/lm/lmtt10.pfb></Users/thomvolker/Library/TinyTeX/texmf-dist/fonts/type1/public/lm/lmtt8.pfb>
Output written on manuscript_volker.pdf (34 pages, 3659058 bytes).
PDF statistics:
 873 PDF objects out of 1000 (max. 8388607)
 740 compressed objects within 8 object streams
 162 named destinations out of 1000 (max. 500000)
 42203 words of extra memory for PDF output out of 42996 (max. 10000000)

