\BOOKMARK [1][-]{section.1}{\376\377\000H\000i\000g\000h\000l\000i\000g\000h\000t\000s}{}% 1
\BOOKMARK [1][-]{section.2}{\376\377\000I\000n\000t\000r\000o\000d\000u\000c\000t\000i\000o\000n}{}% 2
\BOOKMARK [1][-]{section.3}{\376\377\000A\000g\000g\000r\000e\000g\000a\000t\000i\000n\000g\000\040\000E\000v\000i\000d\000e\000n\000c\000e\000\040\000w\000i\000t\000h\000\040\000B\000E\000S}{}% 3
\BOOKMARK [2][-]{subsection.3.1}{\376\377\000I\000n\000f\000o\000r\000m\000a\000t\000i\000v\000e\000\040\000h\000y\000p\000o\000t\000h\000e\000s\000e\000s}{section.3}% 4
\BOOKMARK [2][-]{subsection.3.2}{\376\377\000H\000y\000p\000o\000t\000h\000e\000s\000i\000s\000\040\000e\000v\000a\000l\000u\000a\000t\000i\000o\000n\000\040\000u\000s\000i\000n\000g\000\040\000t\000h\000e\000\040\000B\000a\000y\000e\000s\000\040\000f\000a\000c\000t\000o\000r}{section.3}% 5
\BOOKMARK [3][-]{subsubsection.3.2.1}{\376\377\000L\000i\000k\000e\000l\000i\000h\000o\000o\000d\000\040\000o\000f\000\040\000t\000h\000e\000\040\000p\000a\000r\000a\000m\000e\000t\000e\000r\000s}{subsection.3.2}% 6
\BOOKMARK [3][-]{subsubsection.3.2.2}{\376\377\000P\000r\000i\000o\000r\000\040\000d\000i\000s\000t\000r\000i\000b\000u\000t\000i\000o\000n}{subsection.3.2}% 7
\BOOKMARK [3][-]{subsubsection.3.2.3}{\376\377\000P\000o\000s\000t\000e\000r\000i\000o\000r\000\040\000d\000i\000s\000t\000r\000i\000b\000u\000t\000i\000o\000n}{subsection.3.2}% 8
\BOOKMARK [3][-]{subsubsection.3.2.4}{\376\377\000B\000a\000y\000e\000s\000\040\000f\000a\000c\000t\000o\000r\000s}{subsection.3.2}% 9
\BOOKMARK [2][-]{subsection.3.3}{\376\377\000B\000a\000y\000e\000s\000i\000a\000n\000\040\000E\000v\000i\000d\000e\000n\000c\000e\000\040\000S\000y\000n\000t\000h\000e\000s\000i\000s}{section.3}% 10
\BOOKMARK [1][-]{section.4}{\376\377\000S\000i\000m\000u\000l\000a\000t\000i\000o\000n\000s}{}% 11
\BOOKMARK [2][-]{subsection.4.1}{\376\377\000S\000i\000m\000u\000l\000a\000t\000i\000o\000n\000s\000\040\000p\000a\000r\000t\000\040\0001\000\040\000-\000\040\000a\000s\000s\000e\000s\000s\000i\000n\000g\000\040\000t\000h\000e\000\040\000e\000f\000f\000e\000c\000t\000\040\000o\000f\000\040\000c\000o\000m\000p\000l\000e\000x\000i\000t\000y}{section.4}% 12
\BOOKMARK [3][-]{subsubsection.4.1.1}{\376\377\000S\000i\000m\000u\000l\000a\000t\000i\000o\000n\000\040\0001\000\040\000a\000n\000d\000\040\0002}{subsection.4.1}% 13
\BOOKMARK [3][-]{subsubsection.4.1.2}{\376\377\000S\000i\000m\000u\000l\000a\000t\000i\000o\000n\000\040\0003\000\040\000a\000n\000d\000\040\0004}{subsection.4.1}% 14
\BOOKMARK [3][-]{subsubsection.4.1.3}{\376\377\000S\000i\000m\000u\000l\000a\000t\000i\000o\000n\000\040\0005\000\040\000a\000n\000d\000\040\0006}{subsection.4.1}% 15
\BOOKMARK [3][-]{subsubsection.4.1.4}{\376\377\000S\000i\000m\000u\000l\000a\000t\000i\000o\000n\000\040\0007\000\040\000a\000n\000d\000\040\0008}{subsection.4.1}% 16
\BOOKMARK [3][-]{subsubsection.4.1.5}{\376\377\000D\000i\000s\000c\000u\000s\000s\000i\000o\000n\000\040\000s\000i\000m\000u\000l\000a\000t\000i\000o\000n\000s\000\040\000p\000a\000r\000t\000\040\0001}{subsection.4.1}% 17
\BOOKMARK [2][-]{subsection.4.2}{\376\377\000S\000i\000m\000u\000l\000a\000t\000i\000o\000n\000s\000\040\000p\000a\000r\000t\000\040\0002\000\040\000-\000\040\000p\000o\000w\000e\000r\000\040\000i\000s\000s\000u\000e\000s\000\040\000o\000f\000\040\000B\000E\000S}{section.4}% 18
\BOOKMARK [3][-]{subsubsection.4.2.1}{\376\377\000S\000i\000m\000u\000l\000a\000t\000i\000o\000n\000s\000\040\0009\000,\000\040\0001\0000\000\040\000a\000n\000d\000\040\0001\0001}{subsection.4.2}% 19
\BOOKMARK [3][-]{subsubsection.4.2.2}{\376\377\000D\000i\000s\000c\000u\000s\000s\000i\000o\000n\000\040\000s\000i\000m\000u\000l\000a\000t\000i\000o\000n\000\040\000p\000a\000r\000t\000\040\0002}{subsection.4.2}% 20
\BOOKMARK [1][-]{section.5}{\376\377\000C\000o\000n\000c\000l\000u\000s\000i\000o\000n}{}% 21
